running egg_info
creating build/simple_nlu/simple_nlu.egg-info
writing build/simple_nlu/simple_nlu.egg-info/PKG-INFO
writing dependency_links to build/simple_nlu/simple_nlu.egg-info/dependency_links.txt
writing entry points to build/simple_nlu/simple_nlu.egg-info/entry_points.txt
writing requirements to build/simple_nlu/simple_nlu.egg-info/requires.txt
writing top-level names to build/simple_nlu/simple_nlu.egg-info/top_level.txt
writing manifest file 'build/simple_nlu/simple_nlu.egg-info/SOURCES.txt'
reading manifest file 'build/simple_nlu/simple_nlu.egg-info/SOURCES.txt'
writing manifest file 'build/simple_nlu/simple_nlu.egg-info/SOURCES.txt'
running build
running build_py
creating /QA_ws/src/simple_nlu/build/simple_nlu/build
creating /QA_ws/src/simple_nlu/build/simple_nlu/build/lib
creating /QA_ws/src/simple_nlu/build/simple_nlu/build/lib/simple_nlu
copying simple_nlu/nlu_server.py -> /QA_ws/src/simple_nlu/build/simple_nlu/build/lib/simple_nlu
copying simple_nlu/__init__.py -> /QA_ws/src/simple_nlu/build/simple_nlu/build/lib/simple_nlu
running install
running install_lib
creating /QA_ws/src/simple_nlu/install/simple_nlu/lib/python3.8/site-packages/simple_nlu
copying /QA_ws/src/simple_nlu/build/simple_nlu/build/lib/simple_nlu/nlu_server.py -> /QA_ws/src/simple_nlu/install/simple_nlu/lib/python3.8/site-packages/simple_nlu
copying /QA_ws/src/simple_nlu/build/simple_nlu/build/lib/simple_nlu/__init__.py -> /QA_ws/src/simple_nlu/install/simple_nlu/lib/python3.8/site-packages/simple_nlu
byte-compiling /QA_ws/src/simple_nlu/install/simple_nlu/lib/python3.8/site-packages/simple_nlu/nlu_server.py to nlu_server.cpython-38.pyc
byte-compiling /QA_ws/src/simple_nlu/install/simple_nlu/lib/python3.8/site-packages/simple_nlu/__init__.py to __init__.cpython-38.pyc
running install_data
creating /QA_ws/src/simple_nlu/install/simple_nlu/share/ament_index
creating /QA_ws/src/simple_nlu/install/simple_nlu/share/ament_index/resource_index
creating /QA_ws/src/simple_nlu/install/simple_nlu/share/ament_index/resource_index/packages
copying resource/simple_nlu -> /QA_ws/src/simple_nlu/install/simple_nlu/share/ament_index/resource_index/packages
copying package.xml -> /QA_ws/src/simple_nlu/install/simple_nlu/share/simple_nlu
running install_egg_info
Copying build/simple_nlu/simple_nlu.egg-info to /QA_ws/src/simple_nlu/install/simple_nlu/lib/python3.8/site-packages/simple_nlu-0.0.0-py3.8.egg-info
running install_scripts
Installing client script to /QA_ws/src/simple_nlu/install/simple_nlu/lib/simple_nlu
Installing server script to /QA_ws/src/simple_nlu/install/simple_nlu/lib/simple_nlu
writing list of installed files to '/QA_ws/src/simple_nlu/build/simple_nlu/install.log'
